<?xml version="1.0" encoding="UTF-8"?>
<testng-results skipped="0" failed="1" ignored="0" total="6" passed="5">
  <reporter-output>
  </reporter-output>
  <suite name="Suite" duration-ms="210" started-at="2021-02-02T22:18:23 IST" finished-at="2021-02-02T22:18:23 IST">
    <groups>
      <group name="1st group">
        <method signature="day3.carloanapi()[pri:0, instance:testng1.day3@5a8806ef]" name="carloanapi" class="testng1.day3"/>
      </group> <!-- 1st group -->
    </groups>
    <test name="My Test" duration-ms="107" started-at="2021-02-02T22:18:23 IST" finished-at="2021-02-02T22:18:23 IST">
      <class name="testng1.day1">
        <test-method status="PASS" signature="demo(java.lang.String, java.lang.String)[pri:0, instance:testng1.day1@61f8bee4]" name="demo" duration-ms="14" started-at="2021-02-02T22:18:23 IST" finished-at="2021-02-02T22:18:23 IST">
          <params>
            <param index="0">
              <value>
                <![CDATA[www.google.com]]>
              </value>
            </param>
            <param index="1">
              <value>
                <![CDATA[sankeerth]]>
              </value>
            </param>
          </params>
          <reporter-output>
          </reporter-output>
        </test-method> <!-- demo -->
        <test-method status="PASS" signature="afterevery()[pri:0, instance:testng1.day1@61f8bee4]" name="afterevery" is-config="true" duration-ms="1" started-at="2021-02-02T22:18:23 IST" finished-at="2021-02-02T22:18:23 IST">
          <reporter-output>
          </reporter-output>
        </test-method> <!-- afterevery -->
        <test-method status="FAIL" signature="second()[pri:0, instance:testng1.day1@61f8bee4]" name="second" duration-ms="7" started-at="2021-02-02T22:18:23 IST" finished-at="2021-02-02T22:18:23 IST">
          <exception class="java.lang.AssertionError">
            <message>
              <![CDATA[expected [true] but found [false]]]>
            </message>
            <full-stacktrace>
              <![CDATA[java.lang.AssertionError: expected [true] but found [false]
at org.testng.Assert.fail(Assert.java:99)
at org.testng.Assert.failNotEquals(Assert.java:1037)
at org.testng.Assert.assertTrue(Assert.java:45)
at org.testng.Assert.assertTrue(Assert.java:55)
at testng1.day1.second(day1.java:31)
at sun.reflect.NativeMethodAccessorImpl.invoke0(Native Method)
at sun.reflect.NativeMethodAccessorImpl.invoke(Unknown Source)
at sun.reflect.DelegatingMethodAccessorImpl.invoke(Unknown Source)
at java.lang.reflect.Method.invoke(Unknown Source)
at org.testng.internal.MethodInvocationHelper.invokeMethod(MethodInvocationHelper.java:132)
at org.testng.internal.TestInvoker.invokeMethod(TestInvoker.java:599)
at org.testng.internal.TestInvoker.invokeTestMethod(TestInvoker.java:174)
at org.testng.internal.MethodRunner.runInSequence(MethodRunner.java:46)
at org.testng.internal.TestInvoker$MethodInvocationAgent.invoke(TestInvoker.java:822)
at org.testng.internal.TestInvoker.invokeTestMethods(TestInvoker.java:147)
at org.testng.internal.TestMethodWorker.invokeTestMethods(TestMethodWorker.java:146)
at org.testng.internal.TestMethodWorker.run(TestMethodWorker.java:128)
at java.util.ArrayList.forEach(Unknown Source)
at org.testng.TestRunner.privateRun(TestRunner.java:764)
at org.testng.TestRunner.run(TestRunner.java:585)
at org.testng.SuiteRunner.runTest(SuiteRunner.java:384)
at org.testng.SuiteRunner.runSequentially(SuiteRunner.java:378)
at org.testng.SuiteRunner.privateRun(SuiteRunner.java:337)
at org.testng.SuiteRunner.run(SuiteRunner.java:286)
at org.testng.SuiteRunnerWorker.runSuite(SuiteRunnerWorker.java:53)
at org.testng.SuiteRunnerWorker.run(SuiteRunnerWorker.java:96)
at org.testng.TestNG.runSuitesSequentially(TestNG.java:1218)
at org.testng.TestNG.runSuitesLocally(TestNG.java:1140)
at org.testng.TestNG.runSuites(TestNG.java:1069)
at org.testng.TestNG.run(TestNG.java:1037)
at org.testng.remote.AbstractRemoteTestNG.run(AbstractRemoteTestNG.java:115)
at org.testng.remote.RemoteTestNG.initAndRun(RemoteTestNG.java:251)
at org.testng.remote.RemoteTestNG.main(RemoteTestNG.java:77)
]]>
            </full-stacktrace>
          </exception> <!-- java.lang.AssertionError -->
          <reporter-output>
          </reporter-output>
        </test-method> <!-- second -->
        <test-method status="PASS" signature="afterevery()[pri:0, instance:testng1.day1@61f8bee4]" name="afterevery" is-config="true" duration-ms="1" started-at="2021-02-02T22:18:23 IST" finished-at="2021-02-02T22:18:23 IST">
          <reporter-output>
          </reporter-output>
        </test-method> <!-- afterevery -->
      </class> <!-- testng1.day1 -->
    </test> <!-- My Test -->
    <test name="carloan" duration-ms="38" started-at="2021-02-02T22:18:23 IST" finished-at="2021-02-02T22:18:23 IST">
      <class name="testng1.day1">
        <test-method status="PASS" signature="imlast()[pri:0, instance:testng1.day1@61f8bee4]" name="imlast" is-config="true" duration-ms="1" started-at="2021-02-02T22:18:23 IST" finished-at="2021-02-02T22:18:23 IST">
          <reporter-output>
          </reporter-output>
        </test-method> <!-- imlast -->
      </class> <!-- testng1.day1 -->
      <class name="testng1.day3">
        <test-method status="PASS" signature="beforecarloansignin()[pri:0, instance:testng1.day3@5a8806ef]" name="beforecarloansignin" is-config="true" duration-ms="1" started-at="2021-02-02T22:18:23 IST" finished-at="2021-02-02T22:18:23 IST">
          <reporter-output>
          </reporter-output>
        </test-method> <!-- beforecarloansignin -->
        <test-method status="PASS" signature="carTImeout()[pri:0, instance:testng1.day3@5a8806ef]" name="carTImeout" duration-ms="10" started-at="2021-02-02T22:18:23 IST" finished-at="2021-02-02T22:18:23 IST">
          <reporter-output>
          </reporter-output>
        </test-method> <!-- carTImeout -->
        <test-method status="PASS" signature="carloanmobile()[pri:0, instance:testng1.day3@5a8806ef]" name="carloanmobile" duration-ms="4" started-at="2021-02-02T22:18:23 IST" finished-at="2021-02-02T22:18:23 IST">
          <reporter-output>
          </reporter-output>
        </test-method> <!-- carloanmobile -->
        <test-method status="PASS" signature="carloanapi()[pri:0, instance:testng1.day3@5a8806ef]" name="carloanapi" duration-ms="2" started-at="2021-02-02T22:18:23 IST" finished-at="2021-02-02T22:18:23 IST">
          <reporter-output>
          </reporter-output>
        </test-method> <!-- carloanapi -->
        <test-method status="PASS" signature="carloansignin()[pri:0, instance:testng1.day3@5a8806ef]" name="carloansignin" duration-ms="2" started-at="2021-02-02T22:18:23 IST" depends-on-methods="testng1.day3.carloanmobile" finished-at="2021-02-02T22:18:23 IST">
          <reporter-output>
          </reporter-output>
        </test-method> <!-- carloansignin -->
      </class> <!-- testng1.day3 -->
    </test> <!-- carloan -->
  </suite> <!-- Suite -->
</testng-results>
